<?xml version="1.0" encoding="UTF-8"?>
<!-- Generated by org.testng.reporters.JUnitReportReporter -->
<testsuite hostname="DESKTOP-RT2ML01" failures="0" tests="1" name="Test.LoginTest" time="16.135" errors="0" timestamp="2022-10-16T18:55:16 CEST" skipped="0">
  <testcase classname="Test.LoginTest" name="execute" time="16.135"/>
  <system-out/>
</testsuite> <!-- Test.LoginTest -->
